0 info it worked if it ends with ok
1 verbose cli [ 'E:\\nodejs\\node.exe',
1 verbose cli   'E:\\nodejs\\node_modules\\npm\\bin\\npm-cli.js',
1 verbose cli   'start' ]
2 info using npm@3.10.10
3 info using node@v6.11.2
4 verbose run-script [ 'prestart', 'start', 'poststart' ]
5 info lifecycle reduxTest@1.0.0~prestart: reduxTest@1.0.0
6 silly lifecycle reduxTest@1.0.0~prestart: no script for prestart, continuing
7 info lifecycle reduxTest@1.0.0~start: reduxTest@1.0.0
8 verbose lifecycle reduxTest@1.0.0~start: unsafe-perm in lifecycle true
9 verbose lifecycle reduxTest@1.0.0~start: PATH: E:\nodejs\node_modules\npm\bin\node-gyp-bin;F:\reduxDemo\node_modules\.bin;C:\ProgramData\Oracle\Java\javapath;C:\Program Files (x86)\Intel\iCLS Client\;C:\Program Files\Intel\iCLS Client\;C:\Windows\system32;C:\Windows;C:\Windows\System32\Wbem;C:\Windows\System32\WindowsPowerShell\v1.0\;C:\Program Files (x86)\Intel\Intel(R) Management Engine Components\DAL;C:\Program Files\Intel\Intel(R) Management Engine Components\DAL;C:\Program Files (x86)\Intel\Intel(R) Management Engine Components\IPT;C:\Program Files\Intel\Intel(R) Management Engine Components\IPT;E:\jdk\bin;E:\jre1.8\bin;E:\nodejs\;E:\git\Git\cmd;C:\Users\Administrator\AppData\Roaming\npm;E:\VSCode\Microsoft VS Code\bin
10 verbose lifecycle reduxTest@1.0.0~start: CWD: F:\reduxDemo
11 silly lifecycle reduxTest@1.0.0~start: Args: [ '/d /s /c', 'webpack-dev-server --open' ]
12 silly lifecycle reduxTest@1.0.0~start: Returned: code: 3221225786  signal: null
13 info lifecycle reduxTest@1.0.0~start: Failed to exec start script
14 verbose stack Error: reduxTest@1.0.0 start: `webpack-dev-server --open`
14 verbose stack Exit status 3221225786
14 verbose stack     at EventEmitter.<anonymous> (E:\nodejs\node_modules\npm\lib\utils\lifecycle.js:255:16)
14 verbose stack     at emitTwo (events.js:106:13)
14 verbose stack     at EventEmitter.emit (events.js:191:7)
14 verbose stack     at ChildProcess.<anonymous> (E:\nodejs\node_modules\npm\lib\utils\spawn.js:40:14)
14 verbose stack     at emitTwo (events.js:106:13)
14 verbose stack     at ChildProcess.emit (events.js:191:7)
14 verbose stack     at maybeClose (internal/child_process.js:891:16)
14 verbose stack     at Process.ChildProcess._handle.onexit (internal/child_process.js:226:5)
15 verbose pkgid reduxTest@1.0.0
16 verbose cwd F:\reduxDemo
17 error Windows_NT 6.1.7601
18 error argv "E:\\nodejs\\node.exe" "E:\\nodejs\\node_modules\\npm\\bin\\npm-cli.js" "start"
19 error node v6.11.2
20 error npm  v3.10.10
21 error code ELIFECYCLE
22 error reduxTest@1.0.0 start: `webpack-dev-server --open`
22 error Exit status 3221225786
23 error Failed at the reduxTest@1.0.0 start script 'webpack-dev-server --open'.
23 error Make sure you have the latest version of node.js and npm installed.
23 error If you do, this is most likely a problem with the reduxTest package,
23 error not with npm itself.
23 error Tell the author that this fails on your system:
23 error     webpack-dev-server --open
23 error You can get information on how to open an issue for this project with:
23 error     npm bugs reduxTest
23 error Or if that isn't available, you can get their info via:
23 error     npm owner ls reduxTest
23 error There is likely additional logging output above.
24 verbose exit [ 1, true ]
